[0.050s] Invoking command in '/home/tractor/ws/build/astra_camera': AMENT_PREFIX_PATH=/home/tractor/ws/install/astra_camera_msgs:${AMENT_PREFIX_PATH} CMAKE_PREFIX_PATH=/home/tractor/ws/install/astra_camera_msgs:/opt/ros/humble LD_LIBRARY_PATH=/home/tractor/ws/install/astra_camera_msgs/lib:${LD_LIBRARY_PATH} PYTHONPATH=/home/tractor/ws/install/astra_camera_msgs/local/lib/python3.10/dist-packages:${PYTHONPATH} /usr/bin/cmake /home/tractor/ws/src/ros2_astra_camera/astra_camera -DCMAKE_BUILD_TYPE=Release -DCMAKE_INSTALL_PREFIX=/home/tractor/ws/install/astra_camera
[0.344s] -- The C compiler identification is GNU 11.4.0
[0.643s] -- The CXX compiler identification is GNU 11.4.0
[0.686s] -- Detecting C compiler ABI info
[1.155s] -- Detecting C compiler ABI info - done
[1.188s] -- Check for working C compiler: /usr/bin/cc - skipped
[1.189s] -- Detecting C compile features
[1.191s] -- Detecting C compile features - done
[1.218s] -- Detecting CXX compiler ABI info
[1.655s] -- Detecting CXX compiler ABI info - done
[1.683s] -- Check for working CXX compiler: /usr/bin/c++ - skipped
[1.684s] -- Detecting CXX compile features
[1.686s] -- Detecting CXX compile features - done
[1.711s] -- Found ament_cmake: 1.3.8 (/opt/ros/humble/share/ament_cmake/cmake)
[3.010s] -- Found Python3: /usr/bin/python3 (found version "3.10.12") found components: Interpreter 
[3.864s] -- Found ament_index_cpp: 1.4.0 (/opt/ros/humble/share/ament_index_cpp/cmake)
[3.869s] -- Found astra_camera_msgs: 1.0.1 (/home/tractor/ws/install/astra_camera_msgs/share/astra_camera_msgs/cmake)
[4.193s] -- Found rosidl_generator_c: 3.1.5 (/opt/ros/humble/share/rosidl_generator_c/cmake)
[4.239s] -- Found rosidl_adapter: 3.1.5 (/opt/ros/humble/share/rosidl_adapter/cmake)
[4.301s] -- Found rosidl_generator_cpp: 3.1.5 (/opt/ros/humble/share/rosidl_generator_cpp/cmake)
[4.385s] -- Using all available rosidl_typesupport_c: rosidl_typesupport_fastrtps_c;rosidl_typesupport_introspection_c
[4.504s] -- Using all available rosidl_typesupport_cpp: rosidl_typesupport_fastrtps_cpp;rosidl_typesupport_introspection_cpp
[6.252s] -- Found camera_info_manager: 3.1.8 (/opt/ros/humble/share/camera_info_manager/cmake)
[6.837s] -- Found rmw_implementation_cmake: 6.1.1 (/opt/ros/humble/share/rmw_implementation_cmake/cmake)
[6.874s] -- Found rmw_fastrtps_cpp: 6.2.6 (/opt/ros/humble/share/rmw_fastrtps_cpp/cmake)
[7.828s] -- Found OpenSSL: /usr/lib/aarch64-linux-gnu/libcrypto.so (found version "3.0.2")  
[8.135s] -- Found FastRTPS: /opt/ros/humble/include  
[8.762s] -- Using RMW implementation 'rmw_fastrtps_cpp' as default
[8.908s] -- Looking for pthread.h
[9.353s] -- Looking for pthread.h - found
[9.355s] -- Performing Test CMAKE_HAVE_LIBC_PTHREAD
[9.726s] -- Performing Test CMAKE_HAVE_LIBC_PTHREAD - Success
[9.734s] -- Found Threads: TRUE  
[10.671s] -- Found class_loader: 2.2.0 (/opt/ros/humble/share/class_loader/cmake)
[10.786s] -- Found cv_bridge: 3.2.1 (/opt/ros/humble/share/cv_bridge/cmake)
[10.889s] -- Found message_filters: 4.3.3 (/opt/ros/humble/share/message_filters/cmake)
[11.046s] -- Found image_geometry: 3.2.1 (/opt/ros/humble/share/image_geometry/cmake)
[11.104s] -- Found image_publisher: 3.0.4 (/opt/ros/humble/share/image_publisher/cmake)
[11.808s] -- Found OpenCV: /usr (found version "4.5.4") 
[11.842s] -- Found std_srvs: 4.2.3 (/opt/ros/humble/share/std_srvs/cmake)
[11.989s] -- Found tf2: 0.25.6 (/opt/ros/humble/share/tf2/cmake)
[12.050s] -- Found tf2_eigen: 0.25.6 (/opt/ros/humble/share/tf2_eigen/cmake)
[13.291s] -- Found tf2_sensor_msgs: 0.25.6 (/opt/ros/humble/share/tf2_sensor_msgs/cmake)
[13.398s] -- Found PkgConfig: /usr/bin/pkg-config (found version "0.29.2") 
[13.401s] -- Checking for one of the modules 'libuvc'
[13.659s] -- Checking for one of the modules 'libglog'
[13.954s] -- ORRBEC Machine : aarch64
[13.955s] 
[13.956s] -- ORRBEC Machine Bits : 64
[13.956s] 
[13.957s] -- ORRBEC : arm64
[15.302s] -- Found ament_lint_auto: 0.12.10 (/opt/ros/humble/share/ament_lint_auto/cmake)
[15.874s] -- Configuring done
[16.569s] -- Generating done
[16.584s] -- Build files have been written to: /home/tractor/ws/build/astra_camera
[16.708s] Invoked command in '/home/tractor/ws/build/astra_camera' returned '0': AMENT_PREFIX_PATH=/home/tractor/ws/install/astra_camera_msgs:${AMENT_PREFIX_PATH} CMAKE_PREFIX_PATH=/home/tractor/ws/install/astra_camera_msgs:/opt/ros/humble LD_LIBRARY_PATH=/home/tractor/ws/install/astra_camera_msgs/lib:${LD_LIBRARY_PATH} PYTHONPATH=/home/tractor/ws/install/astra_camera_msgs/local/lib/python3.10/dist-packages:${PYTHONPATH} /usr/bin/cmake /home/tractor/ws/src/ros2_astra_camera/astra_camera -DCMAKE_BUILD_TYPE=Release -DCMAKE_INSTALL_PREFIX=/home/tractor/ws/install/astra_camera
[16.712s] Invoking command in '/home/tractor/ws/build/astra_camera': AMENT_PREFIX_PATH=/home/tractor/ws/install/astra_camera_msgs:${AMENT_PREFIX_PATH} CMAKE_PREFIX_PATH=/home/tractor/ws/install/astra_camera_msgs:/opt/ros/humble LD_LIBRARY_PATH=/home/tractor/ws/install/astra_camera_msgs/lib:${LD_LIBRARY_PATH} PYTHONPATH=/home/tractor/ws/install/astra_camera_msgs/local/lib/python3.10/dist-packages:${PYTHONPATH} /usr/bin/cmake --build /home/tractor/ws/build/astra_camera -- -j4 -l4
[17.124s] [  5%] [32mBuilding CXX object CMakeFiles/astra_camera.dir/src/point_cloud_proc/point_cloud_xyz.cpp.o[0m
[38.190s] [ 10%] [32mBuilding CXX object CMakeFiles/astra_camera.dir/src/dynamic_params.cpp.o[0m
[39.244s] [ 15%] [32mBuilding CXX object CMakeFiles/astra_camera.dir/src/ob_context.cpp.o[0m
[40.305s] [ 21%] [32mBuilding CXX object CMakeFiles/astra_camera.dir/src/point_cloud_proc/point_cloud_xyzrgb.cpp.o[0m
[88.618s] [ 26%] [32mBuilding CXX object CMakeFiles/astra_camera.dir/src/ob_camera_node_factory.cpp.o[0m
[89.661s] [ 31%] [32mBuilding CXX object CMakeFiles/astra_camera.dir/src/ob_timer_filter.cpp.o[0m
[89.729s] [ 36%] [32mBuilding CXX object CMakeFiles/astra_camera.dir/src/ob_camera_info.cpp.o[0m
[92.192s] [01m[K/home/tractor/ws/src/ros2_astra_camera/astra_camera/src/ob_camera_info.cpp:14:10:[m[K [01;31m[Kfatal error: [m[Knlohmann/json.hpp: No such file or directory
[92.194s]    14 | #include [01;31m[K<nlohmann/json.hpp>[m[K
[92.195s]       |          [01;31m[K^~~~~~~~~~~~~~~~~~~[m[K
[92.196s] compilation terminated.
[92.212s] gmake[2]: *** [CMakeFiles/astra_camera.dir/build.make:132: CMakeFiles/astra_camera.dir/src/ob_camera_info.cpp.o] Error 1
[92.221s] gmake[2]: *** Waiting for unfinished jobs....
[191.807s] gmake[1]: *** [CMakeFiles/Makefile2:143: CMakeFiles/astra_camera.dir/all] Error 2
[191.808s] gmake: *** [Makefile:146: all] Error 2
[191.823s] Invoked command in '/home/tractor/ws/build/astra_camera' returned '2': AMENT_PREFIX_PATH=/home/tractor/ws/install/astra_camera_msgs:${AMENT_PREFIX_PATH} CMAKE_PREFIX_PATH=/home/tractor/ws/install/astra_camera_msgs:/opt/ros/humble LD_LIBRARY_PATH=/home/tractor/ws/install/astra_camera_msgs/lib:${LD_LIBRARY_PATH} PYTHONPATH=/home/tractor/ws/install/astra_camera_msgs/local/lib/python3.10/dist-packages:${PYTHONPATH} /usr/bin/cmake --build /home/tractor/ws/build/astra_camera -- -j4 -l4
